 
****************************************
Report : power
        -analysis_effort low
Design : elevator
Version: U-2022.12-SP5
Date   : Thu Mar 27 18:08:29 2025
****************************************


Library(s) Used:

    saed32rvt_ff1p16v125c (File: /home/vlsi19/Desktop/24EC4204/dc_elevator/ref/lib/stdcell_rvt/saed32rvt_ff1p16v125c.db)


Operating Conditions: ff1p16v125c   Library: saed32rvt_ff1p16v125c
Wire Load Model Mode: enclosed

Design        Wire Load Model            Library
------------------------------------------------
elevator               8000              saed32rvt_ff1p16v125c


Global Operating Voltage = 1.16 
Power-specific unit information :
    Voltage Units = 1V
    Capacitance Units = 1.000000ff
    Time Units = 1ns
    Dynamic Power Units = 1uW    (derived from V,C,T units)
    Leakage Power Units = 1pW


Attributes
----------
i - Including register clock pin internal power


  Cell Internal Power  = 140.2631 nW   (65%)
  Net Switching Power  =  76.2618 nW   (35%)
                         ---------
Total Dynamic Power    = 216.5249 nW  (100%)

Cell Leakage Power     =   2.0509 mW


                 Internal         Switching           Leakage            Total
Power Group      Power            Power               Power              Power   (   %    )  Attrs
--------------------------------------------------------------------------------------------------
io_pad             0.0000            0.0000            0.0000            0.0000  (   0.00%)
memory             0.0000            0.0000            0.0000            0.0000  (   0.00%)
black_box          0.0000            0.0000            0.0000            0.0000  (   0.00%)
clock_network      1.2045            0.0000            0.0000            1.2045  (   0.06%)  i
register       -1.1929e+00        2.1250e-02        1.2570e+09        1.2558e+03 (  61.23%)
sequential         0.0000            0.0000            0.0000            0.0000  (   0.00%)
combinational      0.1287        5.5012e-02        7.9393e+08          794.1133  (  38.72%)
--------------------------------------------------------------------------------------------------
Total              0.1403 uW     7.6262e-02 uW     2.0509e+09 pW     2.0511e+03 uW
1
