****************************************
 Report : check_design
 Options: { pre_route_stage }
 Design : elevator
 Version: U-2022.12-SP3
 Date   : Thu Mar 27 18:31:06 2025
****************************************

****************************************
Report : Data Mismatches
Version: U-2022.12-SP3
Date   : Thu Mar 27 18:31:06 2025
****************************************
No mismatches exist on the design.
1
[icc2-lic Thu Mar 27 18:31:06 2025] Command 'check_mv_design' requires licenses
[icc2-lic Thu Mar 27 18:31:06 2025] Attempting to check-out alternate set of keys directly with queueing
[icc2-lic Thu Mar 27 18:31:06 2025] Sending count request for 'ICCompilerII-8' 
[icc2-lic Thu Mar 27 18:31:06 2025] Count request for 'ICCompilerII-8' returned 1 
[icc2-lic Thu Mar 27 18:31:06 2025] Sending check-out request for 'ICCompilerII-8' (1) with wait option
[icc2-lic Thu Mar 27 18:31:06 2025] Check-out request for 'ICCompilerII-8' with wait option succeeded
[icc2-lic Thu Mar 27 18:31:06 2025] Sending checkout check request for 'ICCompilerII-8' 
[icc2-lic Thu Mar 27 18:31:06 2025] Checkout check request for 'ICCompilerII-8' returned 0 
[icc2-lic Thu Mar 27 18:31:06 2025] Sending count request for 'ICCompilerII-8' 
[icc2-lic Thu Mar 27 18:31:06 2025] Count request for 'ICCompilerII-8' returned 1 
[icc2-lic Thu Mar 27 18:31:06 2025] Sending count request for 'ICCompilerII-NX' 
[icc2-lic Thu Mar 27 18:31:06 2025] Count request for 'ICCompilerII-NX' returned 1 
[icc2-lic Thu Mar 27 18:31:06 2025] Sending check-out request for 'ICCompilerII-NX' (1) with wait option
[icc2-lic Thu Mar 27 18:31:06 2025] Check-out request for 'ICCompilerII-NX' with wait option succeeded
[icc2-lic Thu Mar 27 18:31:06 2025] Sending checkout check request for 'ICCompilerII-NX' 
[icc2-lic Thu Mar 27 18:31:06 2025] Checkout check request for 'ICCompilerII-NX' returned 0 
[icc2-lic Thu Mar 27 18:31:06 2025] Sending count request for 'ICCompilerII-NX' 
[icc2-lic Thu Mar 27 18:31:06 2025] Count request for 'ICCompilerII-NX' returned 1 
[icc2-lic Thu Mar 27 18:31:06 2025] Check-out of alternate set of keys directly with queueing was successful
1
1

=========================================================
==     Check for global route app-option  ==
=========================================================

>>> The option values are suggested.

Cell Min-Routing-Layer = M1
Cell Max-Routing-Layer = MRDL
Turn off antenna since no rule is specified
Information: Option route.detail.force_end_on_preferred_grid will be ignored since none of the layers have preferred grid. (ZRT-703)
Warning: Cannot find a default contact code for layer CO. (ZRT-022)
Info: number of net_type_blockage: 0 
Information: Via ladder engine would be activated for pattern must join connection in certain commands. Please refer to man-page for the command list. (ZRT-619)
Information: When applicable Min-max layer allow_pin_connection mode will allow paths of length 3.55 outside the layer range. (ZRT-707)
Information: When applicable Min-max layer allow_pin_connection mode will allow paths of length 3.55 outside the layer range on clock nets. (ZRT-718)
Information: When applicable layer based tapering will taper up to 0.00 in distance from the pin. (ZRT-706)
Printing options for 'route.common.*'

Printing options for 'route.detail.*'

Printing options for 'route.auto_via_ladder.*'


============================================
==  Check for design                      ==
============================================

>>> No net contains a large number of ports 

>>> No port contains a large number of pins 


================================
==  Check for PG DPT on Track ==
================================
>>>>>> Number of PG rails cross even number of track: 0

============================================
==  Check for PG PreRoute setting         ==
============================================
 No number_of_secondary_pg_pin_connections setting and skip checking 
 
============================================
==        Check for pins         ==
============================================

>>>>>> found 5435 nonzero-spacing blockages overlap pins

>>>>>> found 1842 pins overlap pins

============================================
==  Check for overlap of standard cells   ==
============================================

>>>>>> Detect 34 overlaps of standard cells
Error: The design is not legalized. Skip blocked port checkings. (ZRT-588)

============================================
==     Check for min-grid violations      ==
============================================

  >>>> No Library min-grid violations found

  >>>> No Design min-grid violations found

>>>>>> No min-grid violations found


============================================
==    Check for out-of-boundary ports     ==
============================================

>>>>>> No out-of-boundary error found

============================================
==     Check for shielding violations     ==
============================================

>>>>>> The following Non-PG net has a shape with shape_use shield_route

>>> No non-PG net has a shape with shape_use shield_route.

>>>>>> The following PG net has shape with shape_use detail_route and shape length is too long.

>>> No PG net has shape with shape_use detail_route and shape length is too long.

>>>>>> The following nets with shield non-default rule has no internal data representation in Zroute.

>>> No nets with shield non-default rule has no internal data representation in Zroute.


>>> No valid P/G net specified in route.common.shielding_nets.

============================================
==     Check for via cut blockage violation   ==
============================================

>>>>>> The following via cut blockages are wrongly treated as real vias.

>>> No via cut blockage is wrongly treated as real via.

============================================
==     Check for custom via definition    ==
============================================

>>> No custom via definition has too many cuts

============================================
==          Check for via master          ==
============================================

>>> The total number of via master definition is 407

===============================================
==     Check non-default rule setting        ==
===============================================

>>> No NDR width is larger than signalRouteMaxWidth

>>> No NDR shield width is larger than signalRouteMaxWidth

======================================================
==     Check redundant duplicated PG shapes         ==
======================================================

===========================================================
==     Check library cell has non-routing layer pins     ==
===========================================================

>>> No cell has non-routing layer pins to be connected.

============================================
==     Check over promoted nets           ==
============================================

>>> No over promoted nets.

End of check_routability
1

  *** EMS Message summary ***
  ----------------------------------------------------------------------------------------------------
  Rule         Type   Count      Message
  ----------------------------------------------------------------------------------------------------
  DFT-011      Info   1          The design has no scan chain defined in the scandef.
  TCK-001      Warn   29         The reported endpoint '%endpoint' is unconstrained. Reason: '%re...
  TCK-012      Warn   12         The input port '%port' has no clock_relative delay specified. Mo...
  ----------------------------------------------------------------------------------------------------
  Total 42 EMS messages : 0 errors, 41 warnings, 1 info.
  ----------------------------------------------------------------------------------------------------

  *** Non-EMS message summary *** 
  ----------------------------------------------------------------------------------------------------
   Rule         Type   Count      Message
  ----------------------------------------------------------------------------------------------------
       ZRT-022   Warn          1 Cannot find a default contact code for layer %s.
       ZRT-588  Error          1 The design is not legalized. Skip blocked port checkings.
       ZRT-619   Info          1 Via ladder engine would be activated for pattern must join conne...
       ZRT-703   Info          1 Option route.detail.force_end_on_preferred_grid will be ignored ...
       ZRT-706   Info          1 When applicable layer based tapering will taper up to %.2f in di...
       ZRT-707   Info          1 When applicable Min-max layer allow_pin_connection mode will all...
       ZRT-718   Info          1 When applicable Min-max layer allow_pin_connection mode will all...
  ----------------------------------------------------------------------------------------------------
  Total 7 non-EMS messages : 1 errors, 1 warnings, 5 info.
  ----------------------------------------------------------------------------------------------------
